<!DOCTYPE html PUBLIC "-//W3C//DTD XHTML 1.1//EN" "http://www.w3.org/TR/xhtml11/DTD/xhtml11.dtd">
<html xmlns="http://www.w3.org/1999/xhtml">
<head>
<meta http-equiv="content-type" content="text/html; charset=UTF-8"/>
<title>TestNG Report</title>
<style type="text/css">table {margin-bottom:10px;border-collapse:collapse;empty-cells:show}th,td {border:1px solid #009;padding:.25em .5em}th {vertical-align:bottom}td {vertical-align:top}table a {font-weight:bold}.stripe td {background-color: #E6EBF9}.num {text-align:right}.passedodd td {background-color: #3F3}.passedeven td {background-color: #0A0}.skippedodd td {background-color: #DDD}.skippedeven td {background-color: #CCC}.failedodd td,.attn {background-color: #F33}.failedeven td,.stripe .attn {background-color: #D00}.stacktrace {white-space:pre;font-family:monospace}.totop {font-size:85%;text-align:center;border-bottom:2px solid #000}.invisible {display:none}</style>
</head>
<body>
<table>
<tr><th>Test</th><th># Passed</th><th># Skipped</th><th># Retried</th><th># Failed</th><th>Time (ms)</th><th>Included Groups</th><th>Excluded Groups</th></tr>
<tr><th colspan="7">Suite</th></tr>
<tr><td><a href="#t0">alluretest</a></td><td class="num">2</td><td class="num attn">1</td><td class="num">0</td><td class="num attn">2</td><td class="num">881</td><td></td><td></td></tr>
</table>
<table id='summary'><thead><tr><th>Class</th><th>Method</th><th>Start</th><th>Time (ms)</th></tr></thead><tbody><tr><th colspan="4">Suite</th></tr></tbody><tbody id="t0"><tr><th colspan="4">alluretest &#8212; failed</th></tr><tr class="failedeven"><td rowspan="2">test.report.BaseTest</td><td><a href="#m0">test1</a></td><td rowspan="1">1622196085157</td><td rowspan="1">490</td></tr><tr class="failedeven"><td><a href="#m1">test4</a></td><td rowspan="1">1622196085839</td><td rowspan="1">14</td></tr><tr><th colspan="4">alluretest &#8212; skipped</th></tr><tr class="skippedeven"><td rowspan="1">test.report.BaseTest</td><td><a href="#m2">skippedByDependencyTest</a></td><td rowspan="1">1622196085878</td><td rowspan="1">0</td></tr><tr><th colspan="4">alluretest &#8212; passed</th></tr><tr class="passedeven"><td rowspan="2">test.report.BaseTest</td><td><a href="#m3">test2</a></td><td rowspan="1">1622196085907</td><td rowspan="1">11</td></tr><tr class="passedeven"><td><a href="#m4">test3</a></td><td rowspan="1">1622196085928</td><td rowspan="1">7</td></tr></tbody>
</table>
<h2>alluretest</h2><h3 id="m0">test.report.BaseTest#test1</h3><table class="result"><tr><th>Exception</th></tr><tr><td><div class="stacktrace">java.lang.AssertionError: expected [3] but found [2]
	at test.report.BaseTest.test1(BaseTest.java:9)
	at java.base/java.util.ArrayList.forEach(ArrayList.java:1507)
	at java.base/java.util.concurrent.FutureTask.run(FutureTask.java:264)
	at java.base/java.util.concurrent.ThreadPoolExecutor.runWorker(ThreadPoolExecutor.java:1128)
	at java.base/java.util.concurrent.ThreadPoolExecutor$Worker.run(ThreadPoolExecutor.java:628)
	at java.base/java.lang.Thread.run(Thread.java:830)
... Removed 23 stack frames</div></td></tr></table><p class="totop"><a href="#summary">back to summary</a></p>
<h3 id="m1">test.report.BaseTest#test4</h3><table class="result"><tr><th>Exception</th></tr><tr><td><div class="stacktrace">java.lang.AssertionError: This test should be failed
	at test.report.BaseTest.test4(BaseTest.java:24)
	at java.base/java.util.ArrayList.forEach(ArrayList.java:1507)
	at java.base/java.util.concurrent.FutureTask.run(FutureTask.java:264)
	at java.base/java.util.concurrent.ThreadPoolExecutor.runWorker(ThreadPoolExecutor.java:1128)
	at java.base/java.util.concurrent.ThreadPoolExecutor$Worker.run(ThreadPoolExecutor.java:628)
	at java.base/java.lang.Thread.run(Thread.java:830)
... Removed 19 stack frames</div></td></tr></table><p class="totop"><a href="#summary">back to summary</a></p>
<h3 id="m2">test.report.BaseTest#skippedByDependencyTest</h3><table class="result"><tr><th>Exception</th></tr><tr><td><div class="stacktrace">java.lang.Throwable: Method BaseTest.skippedByDependencyTest()[pri:0, instance:test.report.BaseTest@28f2a10f] depends on not successfully finished methods
	at java.base/java.util.ArrayList.forEach(ArrayList.java:1507)
	at java.base/java.util.concurrent.FutureTask.run(FutureTask.java:264)
	at java.base/java.util.concurrent.ThreadPoolExecutor.runWorker(ThreadPoolExecutor.java:1128)
	at java.base/java.util.concurrent.ThreadPoolExecutor$Worker.run(ThreadPoolExecutor.java:628)
	at java.base/java.lang.Thread.run(Thread.java:830)
... Removed 9 stack frames</div></td></tr></table><p class="totop"><a href="#summary">back to summary</a></p>
<h3 id="m3">test.report.BaseTest#test2</h3><table class="result"><tr><th class="invisible"/></tr></table><p class="totop"><a href="#summary">back to summary</a></p>
<h3 id="m4">test.report.BaseTest#test3</h3><table class="result"><tr><th class="invisible"/></tr></table><p class="totop"><a href="#summary">back to summary</a></p>
</body>
</html>
