<?xml version="1.0" encoding="UTF-8"?>
<!-- Generated by org.testng.reporters.JUnitXMLReporter -->
<testsuite hostname="LT0021232" ignored="1" name="Test" tests="13" failures="3" timestamp="26 Sep 2018 07:36:28 GMT" time="12.848" errors="0">
  <testcase name="JIRAProjectCreation" time="4.725" classname="com.qa.JiraAPI.JIRA_ProjectTest">
    <failure type="java.lang.AssertionError" message="1 expectation failed.
Expected status code &amp;lt;201&amp;gt; but was &amp;lt;400&amp;gt;.
">
      <![CDATA[java.lang.AssertionError: 1 expectation failed.
Expected status code <201> but was <400>.

at org.codehaus.groovy.runtime.callsite.ConstructorSite$ConstructorSiteNoUnwrap.callConstructor(ConstructorSite.java:84)
at org.codehaus.groovy.runtime.callsite.CallSiteArray.defaultCallConstructor(CallSiteArray.java:60)
at org.codehaus.groovy.runtime.callsite.AbstractCallSite.callConstructor(AbstractCallSite.java:235)
at org.codehaus.groovy.runtime.callsite.AbstractCallSite.callConstructor(AbstractCallSite.java:247)
at io.restassured.internal.ResponseSpecificationImpl$HamcrestAssertionClosure.validate(ResponseSpecificationImpl.groovy:483)
at io.restassured.internal.ResponseSpecificationImpl$HamcrestAssertionClosure$validate$1.call(Unknown Source)
at io.restassured.internal.ResponseSpecificationImpl.validateResponseIfRequired(ResponseSpecificationImpl.groovy:655)
at org.codehaus.groovy.runtime.callsite.PogoMetaMethodSite$PogoCachedMethodSiteNoUnwrapNoCoerce.invoke(PogoMetaMethodSite.java:210)
at org.codehaus.groovy.runtime.callsite.PogoMetaMethodSite.callCurrent(PogoMetaMethodSite.java:59)
at org.codehaus.groovy.runtime.callsite.AbstractCallSite.callCurrent(AbstractCallSite.java:166)
at io.restassured.internal.ResponseSpecificationImpl.statusCode(ResponseSpecificationImpl.groovy:123)
at io.restassured.specification.ResponseSpecification$statusCode$0.callCurrent(Unknown Source)
at io.restassured.internal.ResponseSpecificationImpl.statusCode(ResponseSpecificationImpl.groovy:131)
at io.restassured.internal.ValidatableResponseOptionsImpl.statusCode(ValidatableResponseOptionsImpl.java:119)
at com.qa.JiraAPI.JIRA_ProjectTest.JIRAProjectCreation(JIRA_ProjectTest.java:31)
... Removed 35 stack frames]]>
    </failure>
  </testcase> <!-- JIRAProjectCreation -->
  <testcase name="UpdateProject" time="0.294" classname="com.qa.JiraAPI.JIRA_ProjectTest">
    <failure type="java.lang.AssertionError" message="1 expectation failed.
Expected status code &amp;lt;200&amp;gt; but was &amp;lt;404&amp;gt;.
">
      <![CDATA[java.lang.AssertionError: 1 expectation failed.
Expected status code <200> but was <404>.

at org.codehaus.groovy.runtime.callsite.ConstructorSite$ConstructorSiteNoUnwrap.callConstructor(ConstructorSite.java:84)
at org.codehaus.groovy.runtime.callsite.AbstractCallSite.callConstructor(AbstractCallSite.java:247)
at io.restassured.internal.ResponseSpecificationImpl$HamcrestAssertionClosure.validate(ResponseSpecificationImpl.groovy:483)
at io.restassured.internal.ResponseSpecificationImpl$HamcrestAssertionClosure$validate$1.call(Unknown Source)
at io.restassured.internal.ResponseSpecificationImpl.validateResponseIfRequired(ResponseSpecificationImpl.groovy:655)
at org.codehaus.groovy.runtime.callsite.PogoMetaMethodSite$PogoCachedMethodSiteNoUnwrapNoCoerce.invoke(PogoMetaMethodSite.java:210)
at org.codehaus.groovy.runtime.callsite.PogoMetaMethodSite.callCurrent(PogoMetaMethodSite.java:59)
at org.codehaus.groovy.runtime.callsite.AbstractCallSite.callCurrent(AbstractCallSite.java:166)
at io.restassured.internal.ResponseSpecificationImpl.statusCode(ResponseSpecificationImpl.groovy:123)
at io.restassured.specification.ResponseSpecification$statusCode$0.callCurrent(Unknown Source)
at io.restassured.internal.ResponseSpecificationImpl.statusCode(ResponseSpecificationImpl.groovy:131)
at io.restassured.internal.ValidatableResponseOptionsImpl.statusCode(ValidatableResponseOptionsImpl.java:119)
at com.qa.JiraAPI.JIRA_ProjectTest.UpdateProject(JIRA_ProjectTest.java:54)
... Removed 35 stack frames]]>
    </failure>
  </testcase> <!-- UpdateProject -->
  <testcase name="DeleteProject" time="0.264" classname="com.qa.JiraAPI.JIRA_ProjectTest">
    <failure type="java.lang.AssertionError" message="1 expectation failed.
Expected status code &amp;lt;204&amp;gt; but was &amp;lt;404&amp;gt;.
">
      <![CDATA[java.lang.AssertionError: 1 expectation failed.
Expected status code <204> but was <404>.

at org.codehaus.groovy.runtime.callsite.ConstructorSite$ConstructorSiteNoUnwrap.callConstructor(ConstructorSite.java:84)
at org.codehaus.groovy.runtime.callsite.AbstractCallSite.callConstructor(AbstractCallSite.java:247)
at io.restassured.internal.ResponseSpecificationImpl$HamcrestAssertionClosure.validate(ResponseSpecificationImpl.groovy:483)
at io.restassured.internal.ResponseSpecificationImpl$HamcrestAssertionClosure$validate$1.call(Unknown Source)
at io.restassured.internal.ResponseSpecificationImpl.validateResponseIfRequired(ResponseSpecificationImpl.groovy:655)
at org.codehaus.groovy.runtime.callsite.PogoMetaMethodSite$PogoCachedMethodSiteNoUnwrapNoCoerce.invoke(PogoMetaMethodSite.java:210)
at org.codehaus.groovy.runtime.callsite.PogoMetaMethodSite.callCurrent(PogoMetaMethodSite.java:59)
at org.codehaus.groovy.runtime.callsite.AbstractCallSite.callCurrent(AbstractCallSite.java:166)
at io.restassured.internal.ResponseSpecificationImpl.statusCode(ResponseSpecificationImpl.groovy:123)
at io.restassured.specification.ResponseSpecification$statusCode$0.callCurrent(Unknown Source)
at io.restassured.internal.ResponseSpecificationImpl.statusCode(ResponseSpecificationImpl.groovy:131)
at io.restassured.internal.ValidatableResponseOptionsImpl.statusCode(ValidatableResponseOptionsImpl.java:119)
at com.qa.JiraAPI.JIRA_ProjectTest.DeleteProject(JIRA_ProjectTest.java:75)
... Removed 35 stack frames]]>
    </failure>
  </testcase> <!-- DeleteProject -->
  <testcase name="CreateIssue" time="1.77" classname="com.qa.JiraAPI.JIRA_ProjectIssue"/>
  <testcase name="AssignIssue" time="0.972" classname="com.qa.JiraAPI.JIRA_ProjectIssue"/>
  <testcase name="CreateComment" time="1.055" classname="com.qa.JiraAPI.JIRA_ProjectIssue"/>
  <testcase name="UpdateComment" time="0.84" classname="com.qa.JiraAPI.JIRA_ProjectIssue"/>
  <testcase name="RemoveWatcher" time="0.53" classname="com.qa.JiraAPI.JIRA_ProjectIssue"/>
  <testcase name="AddWatcher" time="0.516" classname="com.qa.JiraAPI.JIRA_ProjectIssue"/>
  <testcase name="GetWatcher" time="0.5" classname="com.qa.JiraAPI.JIRA_ProjectIssue"/>
  <testcase name="AddVote" time="0.247" classname="com.qa.JiraAPI.JIRA_ProjectIssue"/>
  <testcase name="RemoveComment" time="0.617" classname="com.qa.JiraAPI.JIRA_ProjectIssue"/>
  <testcase name="RemoveIssue" time="0.33" classname="com.qa.JiraAPI.JIRA_ProjectIssue"/>
  <testcase name="@BeforeSuite TestDataSetup" time="0.0" classname="com.qa.JiraAPI.Jira_Login">
    <ignored/>
  </testcase> <!-- @BeforeSuite TestDataSetup -->
</testsuite> <!-- Test -->
